# JRE version: Java(TM) SE Runtime Environment (8.0_111-b14) (build 1.8.0_111-b14)
# Java VM: Java HotSpot(TM) 64-Bit Server VM (25.111-b14 mixed mode linux-amd64 compressed oops)
Heap:
 PSYoungGen      total 890368K, used 161680K [0x0000000782000000, 0x00000007bfa80000, 0x00000007c0000000)
  eden space 777728K, 19% used [0x0000000782000000,0x000000078b310a70,0x00000007b1780000)
  from space 112640K, 9% used [0x00000007b8c80000,0x00000007b97538b0,0x00000007bfa80000)
  to   space 116224K, 0% used [0x00000007b1780000,0x00000007b1780000,0x00000007b8900000)
 ParOldGen       total 240640K, used 145152K [0x0000000706000000, 0x0000000714b00000, 0x0000000782000000)
  object space 240640K, 60% used [0x0000000706000000,0x000000070edc0250,0x0000000714b00000)
 Metaspace       used 72946K, capacity 74184K, committed 74456K, reserved 1114112K
  class space    used 9033K, capacity 9330K, committed 9432K, reserved 1048576K
GC Heap History (10 events):
Event: 67,956 GC heap before
{Heap before GC invocations=23 (full 2):
 PSYoungGen      total 869376K, used 869367K [0x0000000782000000, 0x00000007c0000000, 0x00000007c0000000)
  eden space 793600K, 100% used [0x0000000782000000,0x00000007b2700000,0x00000007b2700000)
  from space 75776K, 99% used [0x00000007bb600000,0x00000007bfffde10,0x00000007c0000000)
  to   space 111104K, 0% used [0x00000007b2700000,0x00000007b2700000,0x00000007b9380000)
 ParOldGen       total 126464K, used 99587K [0x0000000706000000, 0x000000070db80000, 0x0000000782000000)
  object space 126464K, 78% used [0x0000000706000000,0x000000070c140c38,0x000000070db80000)
 Metaspace       used 55038K, capacity 56026K, committed 56408K, reserved 1099776K
  class space    used 6643K, capacity 6889K, committed 7000K, reserved 1048576K
Event: 67,993 GC heap after
Heap after GC invocations=23 (full 2):
 PSYoungGen      total 866816K, used 73077K [0x0000000782000000, 0x00000007c0000000, 0x00000007c0000000)
  eden space 793600K, 0% used [0x0000000782000000,0x0000000782000000,0x00000007b2700000)
  from space 73216K, 99% used [0x00000007b2700000,0x00000007b6e5d570,0x00000007b6e80000)
  to   space 115712K, 0% used [0x00000007b8f00000,0x00000007b8f00000,0x00000007c0000000)
 ParOldGen       total 126464K, used 111174K [0x0000000706000000, 0x000000070db80000, 0x0000000782000000)
  object space 126464K, 87% used [0x0000000706000000,0x000000070cc91b10,0x000000070db80000)
 Metaspace       used 55038K, capacity 56026K, committed 56408K, reserved 1099776K
  class space    used 6643K, capacity 6889K, committed 7000K, reserved 1048576K
}
Event: 67,993 GC heap before
{Heap before GC invocations=24 (full 3):
 PSYoungGen      total 866816K, used 73077K [0x0000000782000000, 0x00000007c0000000, 0x00000007c0000000)
  eden space 793600K, 0% used [0x0000000782000000,0x0000000782000000,0x00000007b2700000)
  from space 73216K, 99% used [0x00000007b2700000,0x00000007b6e5d570,0x00000007b6e80000)
  to   space 115712K, 0% used [0x00000007b8f00000,0x00000007b8f00000,0x00000007c0000000)
 ParOldGen       total 126464K, used 111174K [0x0000000706000000, 0x000000070db80000, 0x0000000782000000)
  object space 126464K, 87% used [0x0000000706000000,0x000000070cc91b10,0x000000070db80000)
 Metaspace       used 55038K, capacity 56026K, committed 56408K, reserved 1099776K
  class space    used 6643K, capacity 6889K, committed 7000K, reserved 1048576K
Event: 68,238 GC heap after
Heap after GC invocations=24 (full 3):
 PSYoungGen      total 866816K, used 30751K [0x0000000782000000, 0x00000007c0000000, 0x00000007c0000000)
  eden space 793600K, 0% used [0x0000000782000000,0x0000000782000000,0x00000007b2700000)
  from space 73216K, 42% used [0x00000007b2700000,0x00000007b4507ef0,0x00000007b6e80000)
  to   space 115712K, 0% used [0x00000007b8f00000,0x00000007b8f00000,0x00000007c0000000)
 ParOldGen       total 240640K, used 126376K [0x0000000706000000, 0x0000000714b00000, 0x0000000782000000)
  object space 240640K, 52% used [0x0000000706000000,0x000000070db6a2e8,0x0000000714b00000)
 Metaspace       used 55038K, capacity 56026K, committed 56408K, reserved 1099776K
  class space    used 6643K, capacity 6889K, committed 7000K, reserved 1048576K
}
Event: 71,300 GC heap before
{Heap before GC invocations=25 (full 3):
 PSYoungGen      total 866816K, used 824351K [0x0000000782000000, 0x00000007c0000000, 0x00000007c0000000)
  eden space 793600K, 100% used [0x0000000782000000,0x00000007b2700000,0x00000007b2700000)
  from space 73216K, 42% used [0x00000007b2700000,0x00000007b4507ef0,0x00000007b6e80000)
  to   space 115712K, 0% used [0x00000007b8f00000,0x00000007b8f00000,0x00000007c0000000)
 ParOldGen       total 240640K, used 126376K [0x0000000706000000, 0x0000000714b00000, 0x0000000782000000)
  object space 240640K, 52% used [0x0000000706000000,0x000000070db6a2e8,0x0000000714b00000)
 Metaspace       used 55259K, capacity 56216K, committed 56408K, reserved 1099776K
  class space    used 6682K, capacity 6926K, committed 7000K, reserved 1048576K
Event: 71,371 GC heap after
Heap after GC invocations=25 (full 3):
 PSYoungGen      total 891904K, used 74154K [0x0000000782000000, 0x00000007c0000000, 0x00000007c0000000)
  eden space 776192K, 0% used [0x0000000782000000,0x0000000782000000,0x00000007b1600000)
  from space 115712K, 64% used [0x00000007b8f00000,0x00000007bd76abf8,0x00000007c0000000)
  to   space 119808K, 0% used [0x00000007b1600000,0x00000007b1600000,0x00000007b8b00000)
 ParOldGen       total 240640K, used 130210K [0x0000000706000000, 0x0000000714b00000, 0x0000000782000000)
  object space 240640K, 54% used [0x0000000706000000,0x000000070df28880,0x0000000714b00000)
 Metaspace       used 55259K, capacity 56216K, committed 56408K, reserved 1099776K
  class space    used 6682K, capacity 6926K, committed 7000K, reserved 1048576K
}
Event: 73,918 GC heap before
{Heap before GC invocations=26 (full 3):
 PSYoungGen      total 891904K, used 850346K [0x0000000782000000, 0x00000007c0000000, 0x00000007c0000000)
  eden space 776192K, 100% used [0x0000000782000000,0x00000007b1600000,0x00000007b1600000)
  from space 115712K, 64% used [0x00000007b8f00000,0x00000007bd76abf8,0x00000007c0000000)
  to   space 119808K, 0% used [0x00000007b1600000,0x00000007b1600000,0x00000007b8b00000)
 ParOldGen       total 240640K, used 130210K [0x0000000706000000, 0x0000000714b00000, 0x0000000782000000)
  object space 240640K, 54% used [0x0000000706000000,0x000000070df28880,0x0000000714b00000)
 Metaspace       used 64034K, capacity 65106K, committed 65368K, reserved 1105920K
  class space    used 7910K, capacity 8185K, committed 8280K, reserved 1048576K
Event: 73,941 GC heap after
Heap after GC invocations=26 (full 3):
 PSYoungGen      total 896000K, used 14709K [0x0000000782000000, 0x00000007c0000000, 0x00000007c0000000)
  eden space 776192K, 0% used [0x0000000782000000,0x0000000782000000,0x00000007b1600000)
  from space 119808K, 12% used [0x00000007b1600000,0x00000007b245d5a0,0x00000007b8b00000)
  to   space 118272K, 0% used [0x00000007b8c80000,0x00000007b8c80000,0x00000007c0000000)
 ParOldGen       total 240640K, used 135749K [0x0000000706000000, 0x0000000714b00000, 0x0000000782000000)
  object space 240640K, 56% used [0x0000000706000000,0x000000070e491650,0x0000000714b00000)
 Metaspace       used 64034K, capacity 65106K, committed 65368K, reserved 1105920K
  class space    used 7910K, capacity 8185K, committed 8280K, reserved 1048576K
}
Event: 77,574 GC heap before
{Heap before GC invocations=27 (full 3):
 PSYoungGen      total 896000K, used 790901K [0x0000000782000000, 0x00000007c0000000, 0x00000007c0000000)
  eden space 776192K, 100% used [0x0000000782000000,0x00000007b1600000,0x00000007b1600000)
  from space 119808K, 12% used [0x00000007b1600000,0x00000007b245d5a0,0x00000007b8b00000)
  to   space 118272K, 0% used [0x00000007b8c80000,0x00000007b8c80000,0x00000007c0000000)
 ParOldGen       total 240640K, used 135749K [0x0000000706000000, 0x0000000714b00000, 0x0000000782000000)
  object space 240640K, 56% used [0x0000000706000000,0x000000070e491650,0x0000000714b00000)
 Metaspace       used 70078K, capacity 71304K, committed 71512K, reserved 1112064K
  class space    used 8719K, capacity 9010K, committed 9048K, reserved 1048576K
Event: 77,590 GC heap after
Heap after GC invocations=27 (full 3):
 PSYoungGen      total 890368K, used 11086K [0x0000000782000000, 0x00000007bfa80000, 0x00000007c0000000)
  eden space 777728K, 0% used [0x0000000782000000,0x0000000782000000,0x00000007b1780000)
  from space 112640K, 9% used [0x00000007b8c80000,0x00000007b97538b0,0x00000007bfa80000)
  to   space 116224K, 0% used [0x00000007b1780000,0x00000007b1780000,0x00000007b8900000)
 ParOldGen       total 240640K, used 145152K [0x0000000706000000, 0x0000000714b00000, 0x0000000782000000)
  object space 240640K, 60% used [0x0000000706000000,0x000000070edc0250,0x0000000714b00000)
 Metaspace       used 70078K, capacity 71304K, committed 71512K, reserved 1112064K
  class space    used 8719K, capacity 9010K, committed 9048K, reserved 1048576K
}

