# JRE version: Java(TM) SE Runtime Environment (8.0_111-b14) (build 1.8.0_111-b14)
# Java VM: Java HotSpot(TM) 64-Bit Server VM (25.111-b14 mixed mode linux-amd64 compressed oops)
Heap:
 PSYoungGen      total 654336K, used 452057K [0x0000000782000000, 0x00000007b2f80000, 0x00000007c0000000)
  eden space 584192K, 68% used [0x0000000782000000,0x000000079a677758,0x00000007a5a80000)
  from space 70144K, 74% used [0x00000007a5a80000,0x00000007a8d7eeb8,0x00000007a9f00000)
  to   space 73216K, 0% used [0x00000007ae800000,0x00000007ae800000,0x00000007b2f80000)
 ParOldGen       total 419840K, used 385593K [0x0000000706000000, 0x000000071fa00000, 0x0000000782000000)
  object space 419840K, 91% used [0x0000000706000000,0x000000071d88e4d0,0x000000071fa00000)
 Metaspace       used 432213K, capacity 445606K, committed 445696K, reserved 1433600K
  class space    used 58343K, capacity 60884K, committed 60928K, reserved 1048576K
GC Heap History (10 events):
Event: 26864,924 GC heap before
{Heap before GC invocations=102 (full 7):
 PSYoungGen      total 524288K, used 464749K [0x0000000782000000, 0x00000007a6c00000, 0x00000007c0000000)
  eden space 445952K, 100% used [0x0000000782000000,0x000000079d380000,0x000000079d380000)
  from space 78336K, 23% used [0x00000007a1f80000,0x00000007a31db458,0x00000007a6c00000)
  to   space 77824K, 0% used [0x000000079d380000,0x000000079d380000,0x00000007a1f80000)
 ParOldGen       total 419840K, used 373082K [0x0000000706000000, 0x000000071fa00000, 0x0000000782000000)
  object space 419840K, 88% used [0x0000000706000000,0x000000071cc56820,0x000000071fa00000)
 Metaspace       used 417299K, capacity 430510K, committed 430720K, reserved 1421312K
  class space    used 56664K, capacity 59160K, committed 59264K, reserved 1048576K
Event: 26865,017 GC heap after
Heap after GC invocations=102 (full 7):
 PSYoungGen      total 523776K, used 23424K [0x0000000782000000, 0x00000007aaa00000, 0x00000007c0000000)
  eden space 445952K, 0% used [0x0000000782000000,0x0000000782000000,0x000000079d380000)
  from space 77824K, 30% used [0x000000079d380000,0x000000079ea60268,0x00000007a1f80000)
  to   space 76288K, 0% used [0x00000007a5f80000,0x00000007a5f80000,0x00000007aaa00000)
 ParOldGen       total 419840K, used 373410K [0x0000000706000000, 0x000000071fa00000, 0x0000000782000000)
  object space 419840K, 88% used [0x0000000706000000,0x000000071cca8820,0x000000071fa00000)
 Metaspace       used 417299K, capacity 430510K, committed 430720K, reserved 1421312K
  class space    used 56664K, capacity 59160K, committed 59264K, reserved 1048576K
}
Event: 26867,071 GC heap before
{Heap before GC invocations=103 (full 7):
 PSYoungGen      total 523776K, used 469376K [0x0000000782000000, 0x00000007aaa00000, 0x00000007c0000000)
  eden space 445952K, 100% used [0x0000000782000000,0x000000079d380000,0x000000079d380000)
  from space 77824K, 30% used [0x000000079d380000,0x000000079ea60268,0x00000007a1f80000)
  to   space 76288K, 0% used [0x00000007a5f80000,0x00000007a5f80000,0x00000007aaa00000)
 ParOldGen       total 419840K, used 373410K [0x0000000706000000, 0x000000071fa00000, 0x0000000782000000)
  object space 419840K, 88% used [0x0000000706000000,0x000000071cca8820,0x000000071fa00000)
 Metaspace       used 419530K, capacity 432852K, committed 433024K, reserved 1423360K
  class space    used 56948K, capacity 59471K, committed 59520K, reserved 1048576K
Event: 26867,169 GC heap after
Heap after GC invocations=103 (full 7):
 PSYoungGen      total 588288K, used 26229K [0x0000000782000000, 0x00000007aa780000, 0x00000007c0000000)
  eden space 514560K, 0% used [0x0000000782000000,0x0000000782000000,0x00000007a1680000)
  from space 73728K, 35% used [0x00000007a5f80000,0x00000007a791d738,0x00000007aa780000)
  to   space 74240K, 0% used [0x00000007a1680000,0x00000007a1680000,0x00000007a5f00000)
 ParOldGen       total 419840K, used 374753K [0x0000000706000000, 0x000000071fa00000, 0x0000000782000000)
  object space 419840K, 89% used [0x0000000706000000,0x000000071cdf8480,0x000000071fa00000)
 Metaspace       used 419530K, capacity 432852K, committed 433024K, reserved 1423360K
  class space    used 56948K, capacity 59471K, committed 59520K, reserved 1048576K
}
Event: 26870,155 GC heap before
{Heap before GC invocations=104 (full 7):
 PSYoungGen      total 588288K, used 540789K [0x0000000782000000, 0x00000007aa780000, 0x00000007c0000000)
  eden space 514560K, 100% used [0x0000000782000000,0x00000007a1680000,0x00000007a1680000)
  from space 73728K, 35% used [0x00000007a5f80000,0x00000007a791d738,0x00000007aa780000)
  to   space 74240K, 0% used [0x00000007a1680000,0x00000007a1680000,0x00000007a5f00000)
 ParOldGen       total 419840K, used 374753K [0x0000000706000000, 0x000000071fa00000, 0x0000000782000000)
  object space 419840K, 89% used [0x0000000706000000,0x000000071cdf8480,0x000000071fa00000)
 Metaspace       used 422025K, capacity 435308K, committed 435712K, reserved 1425408K
  class space    used 57294K, capacity 59795K, committed 59904K, reserved 1048576K
Event: 26870,205 GC heap after
Heap after GC invocations=104 (full 7):
 PSYoungGen      total 588800K, used 24204K [0x0000000782000000, 0x00000007aed80000, 0x00000007c0000000)
  eden space 514560K, 0% used [0x0000000782000000,0x0000000782000000,0x00000007a1680000)
  from space 74240K, 32% used [0x00000007a1680000,0x00000007a2e23130,0x00000007a5f00000)
  to   space 72192K, 0% used [0x00000007aa700000,0x00000007aa700000,0x00000007aed80000)
 ParOldGen       total 419840K, used 380433K [0x0000000706000000, 0x000000071fa00000, 0x0000000782000000)
  object space 419840K, 90% used [0x0000000706000000,0x000000071d384480,0x000000071fa00000)
 Metaspace       used 422025K, capacity 435308K, committed 435712K, reserved 1425408K
  class space    used 57294K, capacity 59795K, committed 59904K, reserved 1048576K
}
Event: 26949,061 GC heap before
{Heap before GC invocations=105 (full 7):
 PSYoungGen      total 588800K, used 538764K [0x0000000782000000, 0x00000007aed80000, 0x00000007c0000000)
  eden space 514560K, 100% used [0x0000000782000000,0x00000007a1680000,0x00000007a1680000)
  from space 74240K, 32% used [0x00000007a1680000,0x00000007a2e23130,0x00000007a5f00000)
  to   space 72192K, 0% used [0x00000007aa700000,0x00000007aa700000,0x00000007aed80000)
 ParOldGen       total 419840K, used 380433K [0x0000000706000000, 0x000000071fa00000, 0x0000000782000000)
  object space 419840K, 90% used [0x0000000706000000,0x000000071d384480,0x000000071fa00000)
 Metaspace       used 428534K, capacity 441860K, committed 442240K, reserved 1431552K
  class space    used 57916K, capacity 60423K, committed 60544K, reserved 1048576K
Event: 26949,118 GC heap after
Heap after GC invocations=105 (full 7):
 PSYoungGen      total 646144K, used 24514K [0x0000000782000000, 0x00000007ae380000, 0x00000007c0000000)
  eden space 584192K, 0% used [0x0000000782000000,0x0000000782000000,0x00000007a5a80000)
  from space 61952K, 39% used [0x00000007aa700000,0x00000007abef0b50,0x00000007ae380000)
  to   space 70144K, 0% used [0x00000007a5a80000,0x00000007a5a80000,0x00000007a9f00000)
 ParOldGen       total 419840K, used 384289K [0x0000000706000000, 0x000000071fa00000, 0x0000000782000000)
  object space 419840K, 91% used [0x0000000706000000,0x000000071d7484d0,0x000000071fa00000)
 Metaspace       used 428534K, capacity 441860K, committed 442240K, reserved 1431552K
  class space    used 57916K, capacity 60423K, committed 60544K, reserved 1048576K
}
Event: 27336,197 GC heap before
{Heap before GC invocations=106 (full 7):
 PSYoungGen      total 646144K, used 608706K [0x0000000782000000, 0x00000007ae380000, 0x00000007c0000000)
  eden space 584192K, 100% used [0x0000000782000000,0x00000007a5a80000,0x00000007a5a80000)
  from space 61952K, 39% used [0x00000007aa700000,0x00000007abef0b50,0x00000007ae380000)
  to   space 70144K, 0% used [0x00000007a5a80000,0x00000007a5a80000,0x00000007a9f00000)
 ParOldGen       total 419840K, used 384289K [0x0000000706000000, 0x000000071fa00000, 0x0000000782000000)
  object space 419840K, 91% used [0x0000000706000000,0x000000071d7484d0,0x000000071fa00000)
 Metaspace       used 432213K, capacity 445606K, committed 445696K, reserved 1433600K
  class space    used 58343K, capacity 60884K, committed 60928K, reserved 1048576K
Event: 27336,267 GC heap after
Heap after GC invocations=106 (full 7):
 PSYoungGen      total 654336K, used 52219K [0x0000000782000000, 0x00000007b2f80000, 0x00000007c0000000)
  eden space 584192K, 0% used [0x0000000782000000,0x0000000782000000,0x00000007a5a80000)
  from space 70144K, 74% used [0x00000007a5a80000,0x00000007a8d7eeb8,0x00000007a9f00000)
  to   space 73216K, 0% used [0x00000007ae800000,0x00000007ae800000,0x00000007b2f80000)
 ParOldGen       total 419840K, used 385593K [0x0000000706000000, 0x000000071fa00000, 0x0000000782000000)
  object space 419840K, 91% used [0x0000000706000000,0x000000071d88e4d0,0x000000071fa00000)
 Metaspace       used 432213K, capacity 445606K, committed 445696K, reserved 1433600K
  class space    used 58343K, capacity 60884K, committed 60928K, reserved 1048576K
}

