# JRE version: Java(TM) SE Runtime Environment (8.0_111-b14) (build 1.8.0_111-b14)
# Java VM: Java HotSpot(TM) 64-Bit Server VM (25.111-b14 mixed mode linux-amd64 compressed oops)
Heap:
 PSYoungGen      total 888832K, used 120992K [0x0000000782000000, 0x00000007bf900000, 0x00000007c0000000)
  eden space 780288K, 7% used [0x0000000782000000,0x00000007859172a0,0x00000007b1a00000)
  from space 108544K, 57% used [0x00000007b8f00000,0x00000007bcc10d70,0x00000007bf900000)
  to   space 114176K, 0% used [0x00000007b1a00000,0x00000007b1a00000,0x00000007b8980000)
 ParOldGen       total 515072K, used 330632K [0x0000000706000000, 0x0000000725700000, 0x0000000782000000)
  object space 515072K, 64% used [0x0000000706000000,0x000000071a2e2268,0x0000000725700000)
 Metaspace       used 302257K, capacity 306148K, committed 307456K, reserved 1316864K
  class space    used 39485K, capacity 40360K, committed 40448K, reserved 1048576K
GC Heap History (10 events):
Event: 139,178 GC heap before
{Heap before GC invocations=59 (full 6):
 PSYoungGen      total 902656K, used 809442K [0x0000000782000000, 0x00000007c0000000, 0x00000007c0000000)
  eden space 787968K, 100% used [0x0000000782000000,0x00000007b2180000,0x00000007b2180000)
  from space 114688K, 18% used [0x00000007b9000000,0x00000007ba4f8be8,0x00000007c0000000)
  to   space 113152K, 0% used [0x00000007b2180000,0x00000007b2180000,0x00000007b9000000)
 ParOldGen       total 378368K, used 322316K [0x0000000706000000, 0x000000071d180000, 0x0000000782000000)
  object space 378368K, 85% used [0x0000000706000000,0x0000000719ac33f0,0x000000071d180000)
 Metaspace       used 279995K, capacity 283628K, committed 284672K, reserved 1296384K
  class space    used 36490K, capacity 37298K, committed 37376K, reserved 1048576K
Event: 139,271 GC heap after
Heap after GC invocations=59 (full 6):
 PSYoungGen      total 805376K, used 17354K [0x0000000782000000, 0x00000007bfb80000, 0x00000007c0000000)
  eden space 787968K, 0% used [0x0000000782000000,0x0000000782000000,0x00000007b2180000)
  from space 17408K, 99% used [0x00000007b2180000,0x00000007b3272838,0x00000007b3280000)
  to   space 111616K, 0% used [0x00000007b8e80000,0x00000007b8e80000,0x00000007bfb80000)
 ParOldGen       total 378368K, used 340683K [0x0000000706000000, 0x000000071d180000, 0x0000000782000000)
  object space 378368K, 90% used [0x0000000706000000,0x000000071acb2cb8,0x000000071d180000)
 Metaspace       used 279995K, capacity 283628K, committed 284672K, reserved 1296384K
  class space    used 36490K, capacity 37298K, committed 37376K, reserved 1048576K
}
Event: 143,459 GC heap before
{Heap before GC invocations=60 (full 6):
 PSYoungGen      total 805376K, used 805322K [0x0000000782000000, 0x00000007bfb80000, 0x00000007c0000000)
  eden space 787968K, 100% used [0x0000000782000000,0x00000007b2180000,0x00000007b2180000)
  from space 17408K, 99% used [0x00000007b2180000,0x00000007b3272838,0x00000007b3280000)
  to   space 111616K, 0% used [0x00000007b8e80000,0x00000007b8e80000,0x00000007bfb80000)
 ParOldGen       total 378368K, used 340683K [0x0000000706000000, 0x000000071d180000, 0x0000000782000000)
  object space 378368K, 90% used [0x0000000706000000,0x000000071acb2cb8,0x000000071d180000)
 Metaspace       used 285756K, capacity 289454K, committed 290560K, reserved 1302528K
  class space    used 37226K, capacity 38055K, committed 38144K, reserved 1048576K
Event: 143,514 GC heap after
Heap after GC invocations=60 (full 6):
 PSYoungGen      total 887808K, used 84611K [0x0000000782000000, 0x00000007c0000000, 0x00000007c0000000)
  eden space 776192K, 0% used [0x0000000782000000,0x0000000782000000,0x00000007b1600000)
  from space 111616K, 75% used [0x00000007b8e80000,0x00000007be120f48,0x00000007bfb80000)
  to   space 119808K, 0% used [0x00000007b1600000,0x00000007b1600000,0x00000007b8b00000)
 ParOldGen       total 378368K, used 353116K [0x0000000706000000, 0x000000071d180000, 0x0000000782000000)
  object space 378368K, 93% used [0x0000000706000000,0x000000071b8d71e0,0x000000071d180000)
 Metaspace       used 285756K, capacity 289454K, committed 290560K, reserved 1302528K
  class space    used 37226K, capacity 38055K, committed 38144K, reserved 1048576K
}
Event: 147,420 GC heap before
{Heap before GC invocations=61 (full 6):
 PSYoungGen      total 887808K, used 860803K [0x0000000782000000, 0x00000007c0000000, 0x00000007c0000000)
  eden space 776192K, 100% used [0x0000000782000000,0x00000007b1600000,0x00000007b1600000)
  from space 111616K, 75% used [0x00000007b8e80000,0x00000007be120f48,0x00000007bfb80000)
  to   space 119808K, 0% used [0x00000007b1600000,0x00000007b1600000,0x00000007b8b00000)
 ParOldGen       total 378368K, used 353116K [0x0000000706000000, 0x000000071d180000, 0x0000000782000000)
  object space 378368K, 93% used [0x0000000706000000,0x000000071b8d71e0,0x000000071d180000)
 Metaspace       used 301030K, capacity 304846K, committed 306176K, reserved 1314816K
  class space    used 39338K, capacity 40167K, committed 40192K, reserved 1048576K
Event: 147,474 GC heap after
Heap after GC invocations=61 (full 6):
 PSYoungGen      total 896000K, used 56139K [0x0000000782000000, 0x00000007c0000000, 0x00000007c0000000)
  eden space 776192K, 0% used [0x0000000782000000,0x0000000782000000,0x00000007b1600000)
  from space 119808K, 46% used [0x00000007b1600000,0x00000007b4cd2d98,0x00000007b8b00000)
  to   space 115712K, 0% used [0x00000007b8f00000,0x00000007b8f00000,0x00000007c0000000)
 ParOldGen       total 378368K, used 365757K [0x0000000706000000, 0x000000071d180000, 0x0000000782000000)
  object space 378368K, 96% used [0x0000000706000000,0x000000071c52f4e0,0x000000071d180000)
 Metaspace       used 301030K, capacity 304846K, committed 306176K, reserved 1314816K
  class space    used 39338K, capacity 40167K, committed 40192K, reserved 1048576K
}
Event: 147,474 GC heap before
{Heap before GC invocations=62 (full 7):
 PSYoungGen      total 896000K, used 56139K [0x0000000782000000, 0x00000007c0000000, 0x00000007c0000000)
  eden space 776192K, 0% used [0x0000000782000000,0x0000000782000000,0x00000007b1600000)
  from space 119808K, 46% used [0x00000007b1600000,0x00000007b4cd2d98,0x00000007b8b00000)
  to   space 115712K, 0% used [0x00000007b8f00000,0x00000007b8f00000,0x00000007c0000000)
 ParOldGen       total 378368K, used 365757K [0x0000000706000000, 0x000000071d180000, 0x0000000782000000)
  object space 378368K, 96% used [0x0000000706000000,0x000000071c52f4e0,0x000000071d180000)
 Metaspace       used 301030K, capacity 304846K, committed 306176K, reserved 1314816K
  class space    used 39338K, capacity 40167K, committed 40192K, reserved 1048576K
Event: 148,083 GC heap after
Heap after GC invocations=62 (full 7):
 PSYoungGen      total 896000K, used 0K [0x0000000782000000, 0x00000007c0000000, 0x00000007c0000000)
  eden space 776192K, 0% used [0x0000000782000000,0x0000000782000000,0x00000007b1600000)
  from space 119808K, 0% used [0x00000007b1600000,0x00000007b1600000,0x00000007b8b00000)
  to   space 115712K, 0% used [0x00000007b8f00000,0x00000007b8f00000,0x00000007c0000000)
 ParOldGen       total 515072K, used 330624K [0x0000000706000000, 0x0000000725700000, 0x0000000782000000)
  object space 515072K, 64% used [0x0000000706000000,0x000000071a2e0268,0x0000000725700000)
 Metaspace       used 301030K, capacity 304846K, committed 306176K, reserved 1314816K
  class space    used 39338K, capacity 40167K, committed 40192K, reserved 1048576K
}
Event: 525,238 GC heap before
{Heap before GC invocations=63 (full 7):
 PSYoungGen      total 896000K, used 776192K [0x0000000782000000, 0x00000007c0000000, 0x00000007c0000000)
  eden space 776192K, 100% used [0x0000000782000000,0x00000007b1600000,0x00000007b1600000)
  from space 119808K, 0% used [0x00000007b1600000,0x00000007b1600000,0x00000007b8b00000)
  to   space 115712K, 0% used [0x00000007b8f00000,0x00000007b8f00000,0x00000007c0000000)
 ParOldGen       total 515072K, used 330624K [0x0000000706000000, 0x0000000725700000, 0x0000000782000000)
  object space 515072K, 64% used [0x0000000706000000,0x000000071a2e0268,0x0000000725700000)
 Metaspace       used 302257K, capacity 306148K, committed 307456K, reserved 1316864K
  class space    used 39485K, capacity 40360K, committed 40448K, reserved 1048576K
Event: 525,272 GC heap after
Heap after GC invocations=63 (full 7):
 PSYoungGen      total 888832K, used 62531K [0x0000000782000000, 0x00000007bf900000, 0x00000007c0000000)
  eden space 780288K, 0% used [0x0000000782000000,0x0000000782000000,0x00000007b1a00000)
  from space 108544K, 57% used [0x00000007b8f00000,0x00000007bcc10d70,0x00000007bf900000)
  to   space 114176K, 0% used [0x00000007b1a00000,0x00000007b1a00000,0x00000007b8980000)
 ParOldGen       total 515072K, used 330632K [0x0000000706000000, 0x0000000725700000, 0x0000000782000000)
  object space 515072K, 64% used [0x0000000706000000,0x000000071a2e2268,0x0000000725700000)
 Metaspace       used 302257K, capacity 306148K, committed 307456K, reserved 1316864K
  class space    used 39485K, capacity 40360K, committed 40448K, reserved 1048576K
}

