# JRE version: Java(TM) SE Runtime Environment (8.0_111-b14) (build 1.8.0_111-b14)
# Java VM: Java HotSpot(TM) 64-Bit Server VM (25.111-b14 mixed mode linux-amd64 compressed oops)
Heap:
 PSYoungGen      total 898560K, used 57488K [0x0000000782000000, 0x00000007bf680000, 0x00000007c0000000)
  eden space 793088K, 1% used [0x0000000782000000,0x00000007829c3758,0x00000007b2680000)
  from space 105472K, 45% used [0x00000007b8f80000,0x00000007bbde09d0,0x00000007bf680000)
  to   space 106496K, 0% used [0x00000007b2680000,0x00000007b2680000,0x00000007b8e80000)
 ParOldGen       total 511488K, used 327397K [0x0000000706000000, 0x0000000725380000, 0x0000000782000000)
  object space 511488K, 64% used [0x0000000706000000,0x0000000719fb9590,0x0000000725380000)
 Metaspace       used 489572K, capacity 495372K, committed 497368K, reserved 1480704K
  class space    used 65317K, capacity 66434K, committed 66776K, reserved 1048576K
GC Heap History (10 events):
Event: 34517,931 GC heap before
{Heap before GC invocations=104 (full 7):
 PSYoungGen      total 901120K, used 820859K [0x0000000782000000, 0x00000007c0000000, 0x00000007c0000000)
  eden space 780288K, 100% used [0x0000000782000000,0x00000007b1a00000,0x00000007b1a00000)
  from space 120832K, 33% used [0x00000007b8a00000,0x00000007bb19ee28,0x00000007c0000000)
  to   space 114688K, 0% used [0x00000007b1a00000,0x00000007b1a00000,0x00000007b8a00000)
 ParOldGen       total 468992K, used 439304K [0x0000000706000000, 0x0000000722a00000, 0x0000000782000000)
  object space 468992K, 93% used [0x0000000706000000,0x0000000720d02390,0x0000000722a00000)
 Metaspace       used 478363K, capacity 484718K, committed 484952K, reserved 1468416K
  class space    used 63866K, capacity 65068K, committed 65112K, reserved 1048576K
Event: 34518,071 GC heap after
Heap after GC invocations=104 (full 7):
 PSYoungGen      total 795648K, used 15114K [0x0000000782000000, 0x00000007bf800000, 0x00000007c0000000)
  eden space 780288K, 0% used [0x0000000782000000,0x0000000782000000,0x00000007b1a00000)
  from space 15360K, 98% used [0x00000007b1a00000,0x00000007b28c29b8,0x00000007b2900000)
  to   space 113664K, 0% used [0x00000007b8900000,0x00000007b8900000,0x00000007bf800000)
 ParOldGen       total 468992K, used 452663K [0x0000000706000000, 0x0000000722a00000, 0x0000000782000000)
  object space 468992K, 96% used [0x0000000706000000,0x0000000721a0dc90,0x0000000722a00000)
 Metaspace       used 478363K, capacity 484718K, committed 484952K, reserved 1468416K
  class space    used 63866K, capacity 65068K, committed 65112K, reserved 1048576K
}
Event: 34518,071 GC heap before
{Heap before GC invocations=105 (full 8):
 PSYoungGen      total 795648K, used 15114K [0x0000000782000000, 0x00000007bf800000, 0x00000007c0000000)
  eden space 780288K, 0% used [0x0000000782000000,0x0000000782000000,0x00000007b1a00000)
  from space 15360K, 98% used [0x00000007b1a00000,0x00000007b28c29b8,0x00000007b2900000)
  to   space 113664K, 0% used [0x00000007b8900000,0x00000007b8900000,0x00000007bf800000)
 ParOldGen       total 468992K, used 452663K [0x0000000706000000, 0x0000000722a00000, 0x0000000782000000)
  object space 468992K, 96% used [0x0000000706000000,0x0000000721a0dc90,0x0000000722a00000)
 Metaspace       used 478363K, capacity 484718K, committed 484952K, reserved 1468416K
  class space    used 63866K, capacity 65068K, committed 65112K, reserved 1048576K
Event: 34518,744 GC heap after
Heap after GC invocations=105 (full 8):
 PSYoungGen      total 795648K, used 0K [0x0000000782000000, 0x00000007bf800000, 0x00000007c0000000)
  eden space 780288K, 0% used [0x0000000782000000,0x0000000782000000,0x00000007b1a00000)
  from space 15360K, 0% used [0x00000007b1a00000,0x00000007b1a00000,0x00000007b2900000)
  to   space 113664K, 0% used [0x00000007b8900000,0x00000007b8900000,0x00000007bf800000)
 ParOldGen       total 511488K, used 313852K [0x0000000706000000, 0x0000000725380000, 0x0000000782000000)
  object space 511488K, 61% used [0x0000000706000000,0x000000071927f120,0x0000000725380000)
 Metaspace       used 477034K, capacity 482538K, committed 484952K, reserved 1468416K
  class space    used 63664K, capacity 64704K, committed 65112K, reserved 1048576K
}
Event: 34521,945 GC heap before
{Heap before GC invocations=106 (full 8):
 PSYoungGen      total 795648K, used 780288K [0x0000000782000000, 0x00000007bf800000, 0x00000007c0000000)
  eden space 780288K, 100% used [0x0000000782000000,0x00000007b1a00000,0x00000007b1a00000)
  from space 15360K, 0% used [0x00000007b1a00000,0x00000007b1a00000,0x00000007b2900000)
  to   space 113664K, 0% used [0x00000007b8900000,0x00000007b8900000,0x00000007bf800000)
 ParOldGen       total 511488K, used 313852K [0x0000000706000000, 0x0000000725380000, 0x0000000782000000)
  object space 511488K, 61% used [0x0000000706000000,0x000000071927f120,0x0000000725380000)
 Metaspace       used 482800K, capacity 488488K, committed 490584K, reserved 1474560K
  class space    used 64402K, capacity 65525K, committed 65880K, reserved 1048576K
Event: 34521,969 GC heap after
Heap after GC invocations=106 (full 8):
 PSYoungGen      total 895488K, used 13341K [0x0000000782000000, 0x00000007c0000000, 0x00000007c0000000)
  eden space 781824K, 0% used [0x0000000782000000,0x0000000782000000,0x00000007b1b80000)
  from space 113664K, 11% used [0x00000007b8900000,0x00000007b9607760,0x00000007bf800000)
  to   space 112128K, 0% used [0x00000007b1b80000,0x00000007b1b80000,0x00000007b8900000)
 ParOldGen       total 511488K, used 313852K [0x0000000706000000, 0x0000000725380000, 0x0000000782000000)
  object space 511488K, 61% used [0x0000000706000000,0x000000071927f120,0x0000000725380000)
 Metaspace       used 482800K, capacity 488488K, committed 490584K, reserved 1474560K
  class space    used 64402K, capacity 65525K, committed 65880K, reserved 1048576K
}
Event: 34524,897 GC heap before
{Heap before GC invocations=107 (full 8):
 PSYoungGen      total 895488K, used 795165K [0x0000000782000000, 0x00000007c0000000, 0x00000007c0000000)
  eden space 781824K, 100% used [0x0000000782000000,0x00000007b1b80000,0x00000007b1b80000)
  from space 113664K, 11% used [0x00000007b8900000,0x00000007b9607760,0x00000007bf800000)
  to   space 112128K, 0% used [0x00000007b1b80000,0x00000007b1b80000,0x00000007b8900000)
 ParOldGen       total 511488K, used 313852K [0x0000000706000000, 0x0000000725380000, 0x0000000782000000)
  object space 511488K, 61% used [0x0000000706000000,0x000000071927f120,0x0000000725380000)
 Metaspace       used 485628K, capacity 491426K, committed 493528K, reserved 1476608K
  class space    used 64797K, capacity 65930K, committed 66264K, reserved 1048576K
Event: 34524,918 GC heap after
Heap after GC invocations=107 (full 8):
 PSYoungGen      total 893952K, used 9714K [0x0000000782000000, 0x00000007bfb80000, 0x00000007c0000000)
  eden space 781824K, 0% used [0x0000000782000000,0x0000000782000000,0x00000007b1b80000)
  from space 112128K, 8% used [0x00000007b1b80000,0x00000007b24fca40,0x00000007b8900000)
  to   space 110592K, 0% used [0x00000007b8f80000,0x00000007b8f80000,0x00000007bfb80000)
 ParOldGen       total 511488K, used 326021K [0x0000000706000000, 0x0000000725380000, 0x0000000782000000)
  object space 511488K, 63% used [0x0000000706000000,0x0000000719e61590,0x0000000725380000)
 Metaspace       used 485628K, capacity 491426K, committed 493528K, reserved 1476608K
  class space    used 64797K, capacity 65930K, committed 66264K, reserved 1048576K
}
Event: 34952,206 GC heap before
{Heap before GC invocations=108 (full 8):
 PSYoungGen      total 893952K, used 791538K [0x0000000782000000, 0x00000007bfb80000, 0x00000007c0000000)
  eden space 781824K, 100% used [0x0000000782000000,0x00000007b1b80000,0x00000007b1b80000)
  from space 112128K, 8% used [0x00000007b1b80000,0x00000007b24fca40,0x00000007b8900000)
  to   space 110592K, 0% used [0x00000007b8f80000,0x00000007b8f80000,0x00000007bfb80000)
 ParOldGen       total 511488K, used 326021K [0x0000000706000000, 0x0000000725380000, 0x0000000782000000)
  object space 511488K, 63% used [0x0000000706000000,0x0000000719e61590,0x0000000725380000)
 Metaspace       used 489572K, capacity 495372K, committed 497368K, reserved 1480704K
  class space    used 65317K, capacity 66434K, committed 66776K, reserved 1048576K
Event: 34952,239 GC heap after
Heap after GC invocations=108 (full 8):
 PSYoungGen      total 898560K, used 47490K [0x0000000782000000, 0x00000007bf680000, 0x00000007c0000000)
  eden space 793088K, 0% used [0x0000000782000000,0x0000000782000000,0x00000007b2680000)
  from space 105472K, 45% used [0x00000007b8f80000,0x00000007bbde09d0,0x00000007bf680000)
  to   space 106496K, 0% used [0x00000007b2680000,0x00000007b2680000,0x00000007b8e80000)
 ParOldGen       total 511488K, used 327397K [0x0000000706000000, 0x0000000725380000, 0x0000000782000000)
  object space 511488K, 64% used [0x0000000706000000,0x0000000719fb9590,0x0000000725380000)
 Metaspace       used 489572K, capacity 495372K, committed 497368K, reserved 1480704K
  class space    used 65317K, capacity 66434K, committed 66776K, reserved 1048576K
}

