# JRE version: Java(TM) SE Runtime Environment (8.0_111-b14) (build 1.8.0_111-b14)
# Java VM: Java HotSpot(TM) 64-Bit Server VM (25.111-b14 mixed mode linux-amd64 compressed oops)
Heap:
 PSYoungGen      total 784384K, used 343075K [0x0000000782000000, 0x00000007baa80000, 0x00000007c0000000)
  eden space 710144K, 42% used [0x0000000782000000,0x00000007944230f8,0x00000007ad580000)
  from space 74240K, 59% used [0x00000007b6200000,0x00000007b8ce5b40,0x00000007baa80000)
  to   space 109056K, 0% used [0x00000007ad580000,0x00000007ad580000,0x00000007b4000000)
 ParOldGen       total 652288K, used 476701K [0x0000000706000000, 0x000000072dd00000, 0x0000000782000000)
  object space 652288K, 73% used [0x0000000706000000,0x00000007231877f8,0x000000072dd00000)
 Metaspace       used 707608K, capacity 717986K, committed 718284K, reserved 1671168K
  class space    used 94680K, capacity 96715K, committed 96768K, reserved 1048576K
GC Heap History (10 events):
Event: 2573,608 GC heap before
{Heap before GC invocations=134 (full 11):
 PSYoungGen      total 894464K, used 790971K [0x0000000782000000, 0x00000007c0000000, 0x00000007c0000000)
  eden space 770048K, 100% used [0x0000000782000000,0x00000007b1000000,0x00000007b1000000)
  from space 124416K, 16% used [0x00000007b8680000,0x00000007b9aeefc0,0x00000007c0000000)
  to   space 121344K, 0% used [0x00000007b1000000,0x00000007b1000000,0x00000007b8680000)
 ParOldGen       total 599552K, used 578505K [0x0000000706000000, 0x000000072a980000, 0x0000000782000000)
  object space 599552K, 96% used [0x0000000706000000,0x00000007294f27d8,0x000000072a980000)
 Metaspace       used 699523K, capacity 709532K, committed 709836K, reserved 1662976K
  class space    used 93727K, capacity 95733K, committed 95744K, reserved 1048576K
Event: 2573,641 GC heap after
Heap after GC invocations=134 (full 11):
 PSYoungGen      total 787456K, used 17011K [0x0000000782000000, 0x00000007bf700000, 0x00000007c0000000)
  eden space 770048K, 0% used [0x0000000782000000,0x0000000782000000,0x00000007b1000000)
  from space 17408K, 97% used [0x00000007b1000000,0x00000007b209ccd8,0x00000007b2100000)
  to   space 118272K, 0% used [0x00000007b8380000,0x00000007b8380000,0x00000007bf700000)
 ParOldGen       total 599552K, used 592014K [0x0000000706000000, 0x000000072a980000, 0x0000000782000000)
  object space 599552K, 98% used [0x0000000706000000,0x000000072a223968,0x000000072a980000)
 Metaspace       used 699523K, capacity 709532K, committed 709836K, reserved 1662976K
  class space    used 93727K, capacity 95733K, committed 95744K, reserved 1048576K
}
Event: 2573,641 GC heap before
{Heap before GC invocations=135 (full 12):
 PSYoungGen      total 787456K, used 17011K [0x0000000782000000, 0x00000007bf700000, 0x00000007c0000000)
  eden space 770048K, 0% used [0x0000000782000000,0x0000000782000000,0x00000007b1000000)
  from space 17408K, 97% used [0x00000007b1000000,0x00000007b209ccd8,0x00000007b2100000)
  to   space 118272K, 0% used [0x00000007b8380000,0x00000007b8380000,0x00000007bf700000)
 ParOldGen       total 599552K, used 592014K [0x0000000706000000, 0x000000072a980000, 0x0000000782000000)
  object space 599552K, 98% used [0x0000000706000000,0x000000072a223968,0x000000072a980000)
 Metaspace       used 699523K, capacity 709532K, committed 709836K, reserved 1662976K
  class space    used 93727K, capacity 95733K, committed 95744K, reserved 1048576K
Event: 2574,325 GC heap after
Heap after GC invocations=135 (full 12):
 PSYoungGen      total 787456K, used 0K [0x0000000782000000, 0x00000007bf700000, 0x00000007c0000000)
  eden space 770048K, 0% used [0x0000000782000000,0x0000000782000000,0x00000007b1000000)
  from space 17408K, 0% used [0x00000007b1000000,0x00000007b1000000,0x00000007b2100000)
  to   space 118272K, 0% used [0x00000007b8380000,0x00000007b8380000,0x00000007bf700000)
 ParOldGen       total 652288K, used 469403K [0x0000000706000000, 0x000000072dd00000, 0x0000000782000000)
  object space 652288K, 71% used [0x0000000706000000,0x0000000722a66e00,0x000000072dd00000)
 Metaspace       used 699455K, capacity 709430K, committed 709836K, reserved 1662976K
  class space    used 93716K, capacity 95714K, committed 95744K, reserved 1048576K
}
Event: 3220,317 GC heap before
{Heap before GC invocations=136 (full 12):
 PSYoungGen      total 787456K, used 770048K [0x0000000782000000, 0x00000007bf700000, 0x00000007c0000000)
  eden space 770048K, 100% used [0x0000000782000000,0x00000007b1000000,0x00000007b1000000)
  from space 17408K, 0% used [0x00000007b1000000,0x00000007b1000000,0x00000007b2100000)
  to   space 118272K, 0% used [0x00000007b8380000,0x00000007b8380000,0x00000007bf700000)
 ParOldGen       total 652288K, used 469403K [0x0000000706000000, 0x000000072dd00000, 0x0000000782000000)
  object space 652288K, 71% used [0x0000000706000000,0x0000000722a66e00,0x000000072dd00000)
 Metaspace       used 705929K, capacity 716190K, committed 716620K, reserved 1669120K
  class space    used 94530K, capacity 96592K, committed 96640K, reserved 1048576K
Event: 3220,355 GC heap after
Heap after GC invocations=136 (full 12):
 PSYoungGen      total 890368K, used 11730K [0x0000000782000000, 0x00000007c0000000, 0x00000007c0000000)
  eden space 772096K, 0% used [0x0000000782000000,0x0000000782000000,0x00000007b1200000)
  from space 118272K, 9% used [0x00000007b8380000,0x00000007b8ef4be0,0x00000007bf700000)
  to   space 116224K, 0% used [0x00000007b1200000,0x00000007b1200000,0x00000007b8380000)
 ParOldGen       total 652288K, used 469411K [0x0000000706000000, 0x000000072dd00000, 0x0000000782000000)
  object space 652288K, 71% used [0x0000000706000000,0x0000000722a68e00,0x000000072dd00000)
 Metaspace       used 705929K, capacity 716190K, committed 716620K, reserved 1669120K
  class space    used 94530K, capacity 96592K, committed 96640K, reserved 1048576K
}
Event: 5331,253 GC heap before
{Heap before GC invocations=137 (full 12):
 PSYoungGen      total 890368K, used 783826K [0x0000000782000000, 0x00000007c0000000, 0x00000007c0000000)
  eden space 772096K, 100% used [0x0000000782000000,0x00000007b1200000,0x00000007b1200000)
  from space 118272K, 9% used [0x00000007b8380000,0x00000007b8ef4be0,0x00000007bf700000)
  to   space 116224K, 0% used [0x00000007b1200000,0x00000007b1200000,0x00000007b8380000)
 ParOldGen       total 652288K, used 469411K [0x0000000706000000, 0x000000072dd00000, 0x0000000782000000)
  object space 652288K, 71% used [0x0000000706000000,0x0000000722a68e00,0x000000072dd00000)
 Metaspace       used 707304K, capacity 717716K, committed 718028K, reserved 1671168K
  class space    used 94660K, capacity 96689K, committed 96768K, reserved 1048576K
Event: 5334,934 GC heap after
Heap after GC invocations=137 (full 12):
 PSYoungGen      total 748544K, used 7760K [0x0000000782000000, 0x00000007bd100000, 0x00000007c0000000)
  eden space 740352K, 0% used [0x0000000782000000,0x0000000782000000,0x00000007af300000)
  from space 8192K, 94% used [0x00000007b1200000,0x00000007b19943e0,0x00000007b1a00000)
  to   space 113664K, 0% used [0x00000007b6200000,0x00000007b6200000,0x00000007bd100000)
 ParOldGen       total 652288K, used 473982K [0x0000000706000000, 0x000000072dd00000, 0x0000000782000000)
  object space 652288K, 72% used [0x0000000706000000,0x0000000722edf9f8,0x000000072dd00000)
 Metaspace       used 707304K, capacity 717716K, committed 718028K, reserved 1671168K
  class space    used 94660K, capacity 96689K, committed 96768K, reserved 1048576K
}
Event: 6656,921 GC heap before
{Heap before GC invocations=138 (full 12):
 PSYoungGen      total 748544K, used 748112K [0x0000000782000000, 0x00000007bd100000, 0x00000007c0000000)
  eden space 740352K, 100% used [0x0000000782000000,0x00000007af300000,0x00000007af300000)
  from space 8192K, 94% used [0x00000007b1200000,0x00000007b19943e0,0x00000007b1a00000)
  to   space 113664K, 0% used [0x00000007b6200000,0x00000007b6200000,0x00000007bd100000)
 ParOldGen       total 652288K, used 473982K [0x0000000706000000, 0x000000072dd00000, 0x0000000782000000)
  object space 652288K, 72% used [0x0000000706000000,0x0000000722edf9f8,0x000000072dd00000)
 Metaspace       used 707601K, capacity 717984K, committed 718284K, reserved 1671168K
  class space    used 94678K, capacity 96713K, committed 96768K, reserved 1048576K
Event: 6658,618 GC heap after
Heap after GC invocations=138 (full 12):
 PSYoungGen      total 784384K, used 43926K [0x0000000782000000, 0x00000007baa80000, 0x00000007c0000000)
  eden space 710144K, 0% used [0x0000000782000000,0x0000000782000000,0x00000007ad580000)
  from space 74240K, 59% used [0x00000007b6200000,0x00000007b8ce5b40,0x00000007baa80000)
  to   space 109056K, 0% used [0x00000007ad580000,0x00000007ad580000,0x00000007b4000000)
 ParOldGen       total 652288K, used 476701K [0x0000000706000000, 0x000000072dd00000, 0x0000000782000000)
  object space 652288K, 73% used [0x0000000706000000,0x00000007231877f8,0x000000072dd00000)
 Metaspace       used 707601K, capacity 717984K, committed 718284K, reserved 1671168K
  class space    used 94678K, capacity 96713K, committed 96768K, reserved 1048576K
}

