# JRE version: Java(TM) SE Runtime Environment (8.0_111-b14) (build 1.8.0_111-b14)
# Java VM: Java HotSpot(TM) 64-Bit Server VM (25.111-b14 mixed mode linux-amd64 compressed oops)
Heap:
 PSYoungGen      total 837632K, used 426386K [0x0000000782000000, 0x00000007bfb00000, 0x00000007c0000000)
  eden space 774144K, 46% used [0x0000000782000000,0x00000007982c2570,0x00000007b1400000)
  from space 63488K, 99% used [0x00000007b1400000,0x00000007b51a2638,0x00000007b5200000)
  to   space 118272K, 0% used [0x00000007b8780000,0x00000007b8780000,0x00000007bfb00000)
 ParOldGen       total 440832K, used 389492K [0x0000000706000000, 0x0000000720e80000, 0x0000000782000000)
  object space 440832K, 88% used [0x0000000706000000,0x000000071dc5d370,0x0000000720e80000)
 Metaspace       used 302273K, capacity 306276K, committed 307372K, reserved 1316864K
  class space    used 39464K, capacity 40323K, committed 40364K, reserved 1048576K
GC Heap History (10 events):
Event: 107,691 GC heap before
{Heap before GC invocations=57 (full 6):
 PSYoungGen      total 896512K, used 839479K [0x0000000782000000, 0x00000007c0000000, 0x00000007c0000000)
  eden space 778240K, 100% used [0x0000000782000000,0x00000007b1800000,0x00000007b1800000)
  from space 118272K, 51% used [0x00000007b8980000,0x00000007bc54dea8,0x00000007bfd00000)
  to   space 116224K, 0% used [0x00000007b1800000,0x00000007b1800000,0x00000007b8980000)
 ParOldGen       total 440832K, used 333025K [0x0000000706000000, 0x0000000720e80000, 0x0000000782000000)
  object space 440832K, 75% used [0x0000000706000000,0x000000071a5387e0,0x0000000720e80000)
 Metaspace       used 274233K, capacity 277912K, committed 278956K, reserved 1292288K
  class space    used 35707K, capacity 36520K, committed 36524K, reserved 1048576K
Event: 107,735 GC heap after
Heap after GC invocations=57 (full 6):
 PSYoungGen      total 894464K, used 21037K [0x0000000782000000, 0x00000007bfa00000, 0x00000007c0000000)
  eden space 778240K, 0% used [0x0000000782000000,0x0000000782000000,0x00000007b1800000)
  from space 116224K, 18% used [0x00000007b1800000,0x00000007b2c8b7f8,0x00000007b8980000)
  to   space 114176K, 0% used [0x00000007b8a80000,0x00000007b8a80000,0x00000007bfa00000)
 ParOldGen       total 440832K, used 348921K [0x0000000706000000, 0x0000000720e80000, 0x0000000782000000)
  object space 440832K, 79% used [0x0000000706000000,0x000000071b4be538,0x0000000720e80000)
 Metaspace       used 274233K, capacity 277912K, committed 278956K, reserved 1292288K
  class space    used 35707K, capacity 36520K, committed 36524K, reserved 1048576K
}
Event: 112,130 GC heap before
{Heap before GC invocations=58 (full 6):
 PSYoungGen      total 894464K, used 799277K [0x0000000782000000, 0x00000007bfa00000, 0x00000007c0000000)
  eden space 778240K, 100% used [0x0000000782000000,0x00000007b1800000,0x00000007b1800000)
  from space 116224K, 18% used [0x00000007b1800000,0x00000007b2c8b7f8,0x00000007b8980000)
  to   space 114176K, 0% used [0x00000007b8a80000,0x00000007b8a80000,0x00000007bfa00000)
 ParOldGen       total 440832K, used 348921K [0x0000000706000000, 0x0000000720e80000, 0x0000000782000000)
  object space 440832K, 79% used [0x0000000706000000,0x000000071b4be538,0x0000000720e80000)
 Metaspace       used 280808K, capacity 284574K, committed 285484K, reserved 1298432K
  class space    used 36582K, capacity 37398K, committed 37420K, reserved 1048576K
Event: 112,164 GC heap after
Heap after GC invocations=58 (full 6):
 PSYoungGen      total 897536K, used 17300K [0x0000000782000000, 0x00000007bfa00000, 0x00000007c0000000)
  eden space 783360K, 0% used [0x0000000782000000,0x0000000782000000,0x00000007b1d00000)
  from space 114176K, 15% used [0x00000007b8a80000,0x00000007b9b65018,0x00000007bfa00000)
  to   space 112128K, 0% used [0x00000007b1d00000,0x00000007b1d00000,0x00000007b8a80000)
 ParOldGen       total 440832K, used 364126K [0x0000000706000000, 0x0000000720e80000, 0x0000000782000000)
  object space 440832K, 82% used [0x0000000706000000,0x000000071c397880,0x0000000720e80000)
 Metaspace       used 280808K, capacity 284574K, committed 285484K, reserved 1298432K
  class space    used 36582K, capacity 37398K, committed 37420K, reserved 1048576K
}
Event: 114,014 GC heap before
{Heap before GC invocations=59 (full 6):
 PSYoungGen      total 897536K, used 800660K [0x0000000782000000, 0x00000007bfa00000, 0x00000007c0000000)
  eden space 783360K, 100% used [0x0000000782000000,0x00000007b1d00000,0x00000007b1d00000)
  from space 114176K, 15% used [0x00000007b8a80000,0x00000007b9b65018,0x00000007bfa00000)
  to   space 112128K, 0% used [0x00000007b1d00000,0x00000007b1d00000,0x00000007b8a80000)
 ParOldGen       total 440832K, used 364126K [0x0000000706000000, 0x0000000720e80000, 0x0000000782000000)
  object space 440832K, 82% used [0x0000000706000000,0x000000071c397880,0x0000000720e80000)
 Metaspace       used 289526K, capacity 293368K, committed 294316K, reserved 1304576K
  class space    used 37740K, capacity 38568K, committed 38572K, reserved 1048576K
Event: 114,068 GC heap after
Heap after GC invocations=59 (full 6):
 PSYoungGen      total 869376K, used 85883K [0x0000000782000000, 0x00000007c0000000, 0x00000007c0000000)
  eden space 783360K, 0% used [0x0000000782000000,0x0000000782000000,0x00000007b1d00000)
  from space 86016K, 99% used [0x00000007b1d00000,0x00000007b70def80,0x00000007b7100000)
  to   space 121344K, 0% used [0x00000007b8980000,0x00000007b8980000,0x00000007c0000000)
 ParOldGen       total 440832K, used 372198K [0x0000000706000000, 0x0000000720e80000, 0x0000000782000000)
  object space 440832K, 84% used [0x0000000706000000,0x000000071cb79b08,0x0000000720e80000)
 Metaspace       used 289526K, capacity 293368K, committed 294316K, reserved 1304576K
  class space    used 37740K, capacity 38568K, committed 38572K, reserved 1048576K
}
Event: 118,368 GC heap before
{Heap before GC invocations=60 (full 6):
 PSYoungGen      total 869376K, used 869243K [0x0000000782000000, 0x00000007c0000000, 0x00000007c0000000)
  eden space 783360K, 100% used [0x0000000782000000,0x00000007b1d00000,0x00000007b1d00000)
  from space 86016K, 99% used [0x00000007b1d00000,0x00000007b70def80,0x00000007b7100000)
  to   space 121344K, 0% used [0x00000007b8980000,0x00000007b8980000,0x00000007c0000000)
 ParOldGen       total 440832K, used 372198K [0x0000000706000000, 0x0000000720e80000, 0x0000000782000000)
  object space 440832K, 84% used [0x0000000706000000,0x000000071cb79b08,0x0000000720e80000)
 Metaspace       used 300992K, capacity 304936K, committed 306220K, reserved 1314816K
  class space    used 39316K, capacity 40160K, committed 40236K, reserved 1048576K
Event: 118,445 GC heap after
Heap after GC invocations=60 (full 6):
 PSYoungGen      total 895488K, used 65444K [0x0000000782000000, 0x00000007c0000000, 0x00000007c0000000)
  eden space 774144K, 0% used [0x0000000782000000,0x0000000782000000,0x00000007b1400000)
  from space 121344K, 53% used [0x00000007b8980000,0x00000007bc969378,0x00000007c0000000)
  to   space 120320K, 0% used [0x00000007b1400000,0x00000007b1400000,0x00000007b8980000)
 ParOldGen       total 440832K, used 388069K [0x0000000706000000, 0x0000000720e80000, 0x0000000782000000)
  object space 440832K, 88% used [0x0000000706000000,0x000000071daf94d0,0x0000000720e80000)
 Metaspace       used 300992K, capacity 304936K, committed 306220K, reserved 1314816K
  class space    used 39316K, capacity 40160K, committed 40236K, reserved 1048576K
}
Event: 486,154 GC heap before
{Heap before GC invocations=61 (full 6):
 PSYoungGen      total 895488K, used 839588K [0x0000000782000000, 0x00000007c0000000, 0x00000007c0000000)
  eden space 774144K, 100% used [0x0000000782000000,0x00000007b1400000,0x00000007b1400000)
  from space 121344K, 53% used [0x00000007b8980000,0x00000007bc969378,0x00000007c0000000)
  to   space 120320K, 0% used [0x00000007b1400000,0x00000007b1400000,0x00000007b8980000)
 ParOldGen       total 440832K, used 388069K [0x0000000706000000, 0x0000000720e80000, 0x0000000782000000)
  object space 440832K, 88% used [0x0000000706000000,0x000000071daf94d0,0x0000000720e80000)
 Metaspace       used 302271K, capacity 306274K, committed 307372K, reserved 1316864K
  class space    used 39463K, capacity 40321K, committed 40364K, reserved 1048576K
Event: 486,220 GC heap after
Heap after GC invocations=61 (full 6):
 PSYoungGen      total 837632K, used 63113K [0x0000000782000000, 0x00000007bfb00000, 0x00000007c0000000)
  eden space 774144K, 0% used [0x0000000782000000,0x0000000782000000,0x00000007b1400000)
  from space 63488K, 99% used [0x00000007b1400000,0x00000007b51a2638,0x00000007b5200000)
  to   space 118272K, 0% used [0x00000007b8780000,0x00000007b8780000,0x00000007bfb00000)
 ParOldGen       total 440832K, used 389492K [0x0000000706000000, 0x0000000720e80000, 0x0000000782000000)
  object space 440832K, 88% used [0x0000000706000000,0x000000071dc5d370,0x0000000720e80000)
 Metaspace       used 302271K, capacity 306274K, committed 307372K, reserved 1316864K
  class space    used 39463K, capacity 40321K, committed 40364K, reserved 1048576K
}

